<?xml version="1.0" encoding="UTF-8"?>
<testsuite name="com.bill_spliter.bill_splitter.controller.BillSplitterControllerTest" tests="2" skipped="0" failures="0" errors="0" timestamp="2025-12-09T17:33:36.648Z" hostname="WIN-563509KALI6" time="1.431">
  <properties/>
  <testcase name="demo_getEndpointWorks()" classname="com.bill_spliter.bill_splitter.controller.BillSplitterControllerTest" time="1.322"/>
  <testcase name="splitBill_postEndpointWorks()" classname="com.bill_spliter.bill_splitter.controller.BillSplitterControllerTest" time="0.106"/>
  <system-out><![CDATA[22:33:34.012 [Test worker] INFO org.springframework.test.context.support.AnnotationConfigContextLoaderUtils -- Could not detect default configuration classes for test class [com.bill_spliter.bill_splitter.controller.BillSplitterControllerTest]: BillSplitterControllerTest does not declare any static, non-private, non-final, nested classes annotated with @Configuration.
22:33:34.232 [Test worker] INFO org.springframework.boot.test.context.SpringBootTestContextBootstrapper -- Found @SpringBootConfiguration com.bill_spliter.bill_splitter.BillSplitterApplication for test class com.bill_spliter.bill_splitter.controller.BillSplitterControllerTest

  .   ____          _            __ _ _
 /\\ / ___'_ __ _ _(_)_ __  __ _ \ \ \ \
( ( )\___ | '_ | '_| | '_ \/ _` | \ \ \ \
 \\/  ___)| |_)| | | | | || (_| |  ) ) ) )
  '  |____| .__|_| |_|_| |_\__, | / / / /
 =========|_|==============|___/=/_/_/_/

 :: Spring Boot ::                (v3.5.8)

2025-12-09T22:33:34.915+05:00  INFO 24000 --- [bill-splitter] [    Test worker] c.b.b.c.BillSplitterControllerTest       : Starting BillSplitterControllerTest using Java 21.0.2 with PID 24000 (started by Administrator in D:\bill-splitter)
2025-12-09T22:33:34.917+05:00  INFO 24000 --- [bill-splitter] [    Test worker] c.b.b.c.BillSplitterControllerTest       : No active profile set, falling back to 1 default profile: "default"
2025-12-09T22:33:36.569+05:00  INFO 24000 --- [bill-splitter] [    Test worker] o.s.b.t.m.w.SpringBootMockServletContext : Initializing Spring TestDispatcherServlet ''
2025-12-09T22:33:36.569+05:00  INFO 24000 --- [bill-splitter] [    Test worker] o.s.t.web.servlet.TestDispatcherServlet  : Initializing Servlet ''
2025-12-09T22:33:36.572+05:00  INFO 24000 --- [bill-splitter] [    Test worker] o.s.t.web.servlet.TestDispatcherServlet  : Completed initialization in 1 ms
2025-12-09T22:33:36.625+05:00  INFO 24000 --- [bill-splitter] [    Test worker] c.b.b.c.BillSplitterControllerTest       : Started BillSplitterControllerTest in 2.159 seconds (process running for 4.039)
]]></system-out>
  <system-err><![CDATA[Mockito is currently self-attaching to enable the inline-mock-maker. This will no longer work in future releases of the JDK. Please add Mockito as an agent to your build as described in Mockito's documentation: https://javadoc.io/doc/org.mockito/mockito-core/latest/org.mockito/org/mockito/Mockito.html#0.3
WARNING: A Java agent has been loaded dynamically (C:\Users\Administrator\.gradle\caches\modules-2\files-2.1\net.bytebuddy\byte-buddy-agent\1.17.8\f09415827a71be7ed621c7bd02550678f28bc81c\byte-buddy-agent-1.17.8.jar)
WARNING: If a serviceability tool is in use, please run with -XX:+EnableDynamicAgentLoading to hide this warning
WARNING: If a serviceability tool is not in use, please run with -Djdk.instrument.traceUsage for more information
WARNING: Dynamic loading of agents will be disallowed by default in a future release
]]></system-err>
</testsuite>
